2025-06-10 16:04:52,302 - realtime_visualizer.realtime_visualizer - INFO - Initializing Real-time Visualizer...
2025-06-10 16:04:52,303 - realtime_visualizer.realtime_visualizer - INFO - Initializing simulation engine...
2025-06-10 16:04:52,303 - realtime_visualizer.realtime_visualizer - ERROR - Failed to initialize: SimulationEngine.__init__() missing 1 required positional argument: 'config'
2025-06-10 16:04:52,303 - realtime_visualizer.realtime_visualizer - ERROR - Failed to start: Initialization failed
2025-06-10 16:06:17,614 - realtime_visualizer.realtime_visualizer - INFO - Initializing Real-time Visualizer...
2025-06-10 16:06:17,628 - realtime_visualizer.realtime_visualizer - INFO - Initializing simulation engine...
2025-06-10 16:06:26,741 - realtime_visualizer.realtime_visualizer - INFO - Simulation engine initialized
2025-06-10 16:06:26,741 - realtime_visualizer.realtime_visualizer - INFO - Initializing WebSocket server...
2025-06-10 16:06:26,741 - realtime_visualizer.realtime_visualizer - INFO - WebSocket server initialized
2025-06-10 16:06:26,744 - realtime_visualizer.realtime_visualizer - INFO - HTTP server started on http://localhost:8080
2025-06-10 16:06:26,744 - realtime_visualizer.realtime_visualizer - INFO - Real-time Visualizer initialized successfully
2025-06-10 16:06:27,748 - realtime_visualizer.realtime_visualizer - INFO - Real-time Visualizer started successfully
2025-06-10 16:06:27,748 - realtime_visualizer.realtime_visualizer - INFO - Frontend available at: http://localhost:8080
2025-06-10 16:06:27,748 - realtime_visualizer.realtime_visualizer - INFO - WebSocket server running on: ws://localhost:8765
2025-06-10 16:12:44,563 - realtime_visualizer.realtime_visualizer - INFO - Initializing Real-time Visualizer...
2025-06-10 16:12:44,563 - realtime_visualizer.realtime_visualizer - INFO - Initializing simulation engine...
2025-06-10 16:12:45,722 - realtime_visualizer.realtime_visualizer - INFO - Simulation engine initialized
2025-06-10 16:12:45,722 - realtime_visualizer.realtime_visualizer - INFO - Initializing WebSocket server...
2025-06-10 16:12:45,723 - realtime_visualizer.realtime_visualizer - INFO - WebSocket server initialized
2025-06-10 16:12:45,730 - realtime_visualizer.realtime_visualizer - INFO - HTTP server started on http://localhost:8080
2025-06-10 16:12:45,730 - realtime_visualizer.realtime_visualizer - INFO - Real-time Visualizer initialized successfully
2025-06-10 16:12:46,732 - realtime_visualizer.realtime_visualizer - INFO - Real-time Visualizer started successfully
2025-06-10 16:12:46,732 - realtime_visualizer.realtime_visualizer - INFO - Frontend available at: http://localhost:8080
2025-06-10 16:12:46,732 - realtime_visualizer.realtime_visualizer - INFO - WebSocket server running on: ws://localhost:8765
2025-06-10 18:10:01,389 - realtime_visualizer.realtime_visualizer - INFO - Initializing Real-time Visualizer...
2025-06-10 18:10:01,389 - realtime_visualizer.realtime_visualizer - INFO - Initializing simulation engine...
2025-06-10 18:10:02,620 - realtime_visualizer.realtime_visualizer - INFO - Simulation engine initialized
2025-06-10 18:10:02,620 - realtime_visualizer.realtime_visualizer - INFO - Initializing WebSocket server...
2025-06-10 18:10:02,621 - realtime_visualizer.realtime_visualizer - INFO - WebSocket server initialized
2025-06-10 18:10:02,624 - realtime_visualizer.realtime_visualizer - INFO - HTTP server started on http://localhost:8080
2025-06-10 18:10:02,624 - realtime_visualizer.realtime_visualizer - INFO - Real-time Visualizer initialized successfully
2025-06-10 18:10:03,631 - realtime_visualizer.realtime_visualizer - INFO - Real-time Visualizer started successfully
2025-06-10 18:10:03,631 - realtime_visualizer.realtime_visualizer - INFO - Frontend available at: http://localhost:8080
2025-06-10 18:10:03,631 - realtime_visualizer.realtime_visualizer - INFO - WebSocket server running on: ws://localhost:8765
2025-06-11 14:45:37,719 - realtime_visualizer.realtime_visualizer - INFO - Initializing Real-time Visualizer...
2025-06-11 14:45:37,719 - realtime_visualizer.realtime_visualizer - INFO - Initializing simulation engine...
2025-06-11 14:45:37,999 - realtime_visualizer.realtime_visualizer - INFO - Simulation engine initialized
2025-06-11 14:45:38,000 - realtime_visualizer.realtime_visualizer - INFO - Initializing WebSocket server...
2025-06-11 14:45:38,000 - realtime_visualizer.realtime_visualizer - INFO - WebSocket server initialized
2025-06-11 14:45:38,009 - realtime_visualizer.realtime_visualizer - INFO - HTTP server started on http://localhost:8080
2025-06-11 14:45:38,009 - realtime_visualizer.realtime_visualizer - INFO - Real-time Visualizer initialized successfully
2025-06-11 14:45:39,011 - realtime_visualizer.realtime_visualizer - INFO - Real-time Visualizer started successfully
2025-06-11 14:45:39,011 - realtime_visualizer.realtime_visualizer - INFO - Frontend available at: http://localhost:8080
2025-06-11 14:45:39,011 - realtime_visualizer.realtime_visualizer - INFO - WebSocket server running on: ws://localhost:8765
