2025-05-24 17:57:42,776 - __main__ - INFO - === 仿真配置 ===
2025-05-24 17:57:42,776 - __main__ - INFO - 地理位置: West Lafayette, IN
2025-05-24 17:57:42,776 - __main__ - INFO - 仿真时长: 180.0 秒
2025-05-24 17:57:42,776 - __main__ - INFO - 车辆数量: 10
2025-05-24 17:57:42,776 - __main__ - INFO - 充电站数量: 5
2025-05-24 17:57:42,776 - __main__ - INFO - 运行模式: visualization-only
2025-05-24 17:57:42,776 - __main__ - INFO - === 运行可视化演示 ===
2025-05-24 17:57:42,776 - __main__ - INFO - === 开始完整仿真 ===
2025-05-24 17:57:42,776 - __main__ - INFO - 初始化仿真引擎...
2025-05-24 17:57:42,776 - core.simulation_engine - INFO - 开始初始化仿真环境...
2025-05-24 17:57:42,776 - core.simulation_engine - INFO - 初始化地图管理器...
2025-05-24 17:57:47,955 - core.simulation_engine - INFO - 初始化充电管理器...
2025-05-24 17:57:47,955 - core.simulation_engine - ERROR - 初始化失败: ChargingStation.__init__() got an unexpected keyword argument 'capacity'
2025-05-24 17:57:47,955 - __main__ - ERROR - 程序执行失败: ChargingStation.__init__() got an unexpected keyword argument 'capacity'
2025-05-24 17:59:32,170 - __main__ - INFO - === 仿真配置 ===
2025-05-24 17:59:32,170 - __main__ - INFO - 地理位置: West Lafayette, IN
2025-05-24 17:59:32,170 - __main__ - INFO - 仿真时长: 180.0 秒
2025-05-24 17:59:32,170 - __main__ - INFO - 车辆数量: 10
2025-05-24 17:59:32,170 - __main__ - INFO - 充电站数量: 5
2025-05-24 17:59:32,170 - __main__ - INFO - 运行模式: visualization-only
2025-05-24 17:59:32,170 - __main__ - INFO - === 运行可视化演示 ===
2025-05-24 17:59:32,170 - __main__ - INFO - === 开始完整仿真 ===
2025-05-24 17:59:32,170 - __main__ - INFO - 初始化仿真引擎...
2025-05-24 17:59:32,170 - core.simulation_engine - INFO - 开始初始化仿真环境...
2025-05-24 17:59:32,170 - core.simulation_engine - INFO - 初始化地图管理器...
2025-05-24 17:59:32,453 - core.simulation_engine - INFO - 初始化充电管理器...
2025-05-24 17:59:32,453 - core.simulation_engine - INFO - 创建了 5 个充电站
2025-05-24 17:59:32,453 - core.simulation_engine - ERROR - 初始化失败: ChargingManager.__init__() missing 1 required positional argument: 'config'
2025-05-24 17:59:32,453 - __main__ - ERROR - 程序执行失败: ChargingManager.__init__() missing 1 required positional argument: 'config'
2025-05-24 18:00:38,103 - __main__ - INFO - === 仿真配置 ===
2025-05-24 18:00:38,103 - __main__ - INFO - 地理位置: West Lafayette, IN
2025-05-24 18:00:38,103 - __main__ - INFO - 仿真时长: 180.0 秒
2025-05-24 18:00:38,103 - __main__ - INFO - 车辆数量: 10
2025-05-24 18:00:38,103 - __main__ - INFO - 充电站数量: 5
2025-05-24 18:00:38,103 - __main__ - INFO - 运行模式: visualization-only
2025-05-24 18:00:38,103 - __main__ - INFO - === 运行可视化演示 ===
2025-05-24 18:00:38,103 - __main__ - INFO - === 开始完整仿真 ===
2025-05-24 18:00:38,103 - __main__ - INFO - 初始化仿真引擎...
2025-05-24 18:00:38,103 - core.simulation_engine - INFO - 开始初始化仿真环境...
2025-05-24 18:00:38,103 - core.simulation_engine - INFO - 初始化地图管理器...
2025-05-24 18:00:38,386 - core.simulation_engine - INFO - 初始化充电管理器...
2025-05-24 18:00:38,387 - core.simulation_engine - INFO - 初始化车辆管理器...
2025-05-24 18:00:38,388 - core.simulation_engine - INFO - 创建了 10 辆车
2025-05-24 18:00:38,388 - core.simulation_engine - ERROR - 初始化失败: 'MapManager' object has no attribute 'get'
2025-05-24 18:00:38,388 - __main__ - ERROR - 程序执行失败: 'MapManager' object has no attribute 'get'
2025-05-24 18:01:35,742 - __main__ - INFO - === 仿真配置 ===
2025-05-24 18:01:35,753 - __main__ - INFO - 地理位置: West Lafayette, IN
2025-05-24 18:01:35,753 - __main__ - INFO - 仿真时长: 180.0 秒
2025-05-24 18:01:35,753 - __main__ - INFO - 车辆数量: 10
2025-05-24 18:01:35,754 - __main__ - INFO - 充电站数量: 5
2025-05-24 18:01:35,754 - __main__ - INFO - 运行模式: visualization-only
2025-05-24 18:01:35,754 - __main__ - INFO - === 运行可视化演示 ===
2025-05-24 18:01:35,754 - __main__ - INFO - === 开始完整仿真 ===
2025-05-24 18:01:35,754 - __main__ - INFO - 初始化仿真引擎...
2025-05-24 18:01:35,754 - core.simulation_engine - INFO - 开始初始化仿真环境...
2025-05-24 18:01:35,755 - core.simulation_engine - INFO - 初始化地图管理器...
2025-05-24 18:01:36,042 - core.simulation_engine - INFO - 初始化充电管理器...
2025-05-24 18:01:36,042 - core.simulation_engine - INFO - 初始化车辆管理器...
2025-05-24 18:01:36,042 - core.simulation_engine - INFO - 创建了 10 辆车
2025-05-24 18:01:36,042 - core.simulation_engine - ERROR - 初始化失败: 'MapManager' object has no attribute 'get'
2025-05-24 18:01:36,042 - __main__ - ERROR - 程序执行失败: 'MapManager' object has no attribute 'get'
2025-05-24 18:03:57,987 - __main__ - INFO - === 仿真配置 ===
2025-05-24 18:03:57,987 - __main__ - INFO - 地理位置: West Lafayette, IN
2025-05-24 18:03:57,987 - __main__ - INFO - 仿真时长: 180.0 秒
2025-05-24 18:03:57,987 - __main__ - INFO - 车辆数量: 10
2025-05-24 18:03:57,987 - __main__ - INFO - 充电站数量: 5
2025-05-24 18:03:57,987 - __main__ - INFO - 运行模式: visualization-only
2025-05-24 18:03:57,987 - __main__ - INFO - === 运行可视化演示 ===
2025-05-24 18:03:57,987 - __main__ - INFO - === 开始完整仿真 ===
2025-05-24 18:03:57,987 - __main__ - INFO - 初始化仿真引擎...
2025-05-24 18:03:57,987 - core.simulation_engine - INFO - 开始初始化仿真环境...
2025-05-24 18:03:57,987 - core.simulation_engine - INFO - 初始化地图管理器...
2025-05-24 18:03:58,284 - core.simulation_engine - INFO - 初始化充电管理器...
2025-05-24 18:03:58,299 - core.simulation_engine - INFO - 初始化车辆管理器...
2025-05-24 18:03:58,299 - core.simulation_engine - INFO - 初始化订单系统...
2025-05-24 18:03:58,299 - core.simulation_engine - INFO - 仿真环境初始化完成
2025-05-24 18:03:58,299 - __main__ - INFO - 设置可视化环境...
2025-05-24 18:03:59,802 - visualization.visualizer - INFO - 动画环境设置完成
2025-05-24 18:03:59,802 - __main__ - INFO - 启动可视化动画...
2025-05-24 18:04:14,954 - __main__ - ERROR - 程序执行失败: 'NoneType' object has no attribute 'stop'
